This is pdfTeX, Version 3.141592653-2.6-1.40.26 (TeX Live 2024/nixos.org) (preloaded format=pdflatex 1980.1.1)  10 DEC 2024 15:58
entering extended mode
 restricted \write18 enabled.
 file:line:error style messages enabled.
 %&-line parsing enabled.
**main.tex
(./main.tex
LaTeX2e <2024-06-01> patch level 2
L3 programming layer <2024-10-09>

(/nix/store/mdy997acpxx06ynai8r779rvc1nqwfys-texlive-2024-env-texmfdist/tex/lat
ex/base/article.cls
Document Class: article 2024/02/08 v1.4n Standard LaTeX document class

(/nix/store/mdy997acpxx06ynai8r779rvc1nqwfys-texlive-2024-env-texmfdist/tex/lat
ex/base/size10.clo
File: size10.clo 2024/02/08 v1.4n Standard LaTeX file (size option)
)
\c@part=\count194
\c@section=\count195
\c@subsection=\count196
\c@subsubsection=\count197
\c@paragraph=\count198
\c@subparagraph=\count199
\c@figure=\count266
\c@table=\count267
\abovecaptionskip=\skip49
\belowcaptionskip=\skip50
\bibindent=\dimen141
)
(/nix/store/mdy997acpxx06ynai8r779rvc1nqwfys-texlive-2024-env-texmfdist/tex/lat
ex/float/float.sty
Package: float 2001/11/08 v1.3d Float enhancements (AL)
\c@float@type=\count268
\float@exts=\toks17
\float@box=\box52
\@float@everytoks=\toks18
\@floatcapt=\box53
)
(/nix/store/mdy997acpxx06ynai8r779rvc1nqwfys-texlive-2024-env-texmfdist/tex/lat
ex/graphics/graphicx.sty
Package: graphicx 2021/09/16 v1.2d Enhanced LaTeX Graphics (DPC,SPQR)

(/nix/store/mdy997acpxx06ynai8r779rvc1nqwfys-texlive-2024-env-texmfdist/tex/lat
ex/graphics/keyval.sty
Package: keyval 2022/05/29 v1.15 key=value parser (DPC)
\KV@toks@=\toks19
)
(/nix/store/mdy997acpxx06ynai8r779rvc1nqwfys-texlive-2024-env-texmfdist/tex/lat
ex/graphics/graphics.sty
Package: graphics 2024/05/23 v1.4g Standard LaTeX Graphics (DPC,SPQR)

(/nix/store/mdy997acpxx06ynai8r779rvc1nqwfys-texlive-2024-env-texmfdist/tex/lat
ex/graphics/trig.sty
Package: trig 2023/12/02 v1.11 sin cos tan (DPC)
)
(/nix/store/mdy997acpxx06ynai8r779rvc1nqwfys-texlive-2024-env-texmfdist/tex/lat
ex/graphics-cfg/graphics.cfg
File: graphics.cfg 2016/06/04 v1.11 sample graphics configuration
)
Package graphics Info: Driver file: pdftex.def on input line 106.

(/nix/store/mdy997acpxx06ynai8r779rvc1nqwfys-texlive-2024-env-texmfdist/tex/lat
ex/graphics-def/pdftex.def
File: pdftex.def 2024/04/13 v1.2c Graphics/color driver for pdftex
))
\Gin@req@height=\dimen142
\Gin@req@width=\dimen143
)
(/nix/store/mdy997acpxx06ynai8r779rvc1nqwfys-texlive-2024-env-texmfdist/tex/gen
eric/babel/babel.sty
Package: babel 2024/10/20 v24.12 The multilingual framework for pdfLaTeX, LuaLa
TeX and XeLaTeX
\babel@savecnt=\count269
\U@D=\dimen144
\l@unhyphenated=\language89

(/nix/store/mdy997acpxx06ynai8r779rvc1nqwfys-texlive-2024-env-texmfdist/tex/gen
eric/babel/txtbabel.def)
\bbl@readstream=\read2
\bbl@dirlevel=\count270
Package babel Info: You haven't specified a language as a class or package
(babel)             option. I'll load 'nil'. Reported on input line 4185.

(/nix/store/mdy997acpxx06ynai8r779rvc1nqwfys-texlive-2024-env-texmfdist/tex/gen
eric/babel/nil.ldf
Language: nil 2024/10/20 v24.12 Nil language
\l@nil=\language90
))
(/nix/store/mdy997acpxx06ynai8r779rvc1nqwfys-texlive-2024-env-texmfdist/tex/lat
ex/siunitx/siunitx.sty
Package: siunitx 2024-09-30 v3.3.22 A comprehensive (SI) units package
\l__siunitx_number_uncert_offset_int=\count271
\l__siunitx_number_exponent_fixed_int=\count272
\l__siunitx_number_min_decimal_int=\count273
\l__siunitx_number_min_integer_int=\count274
\l__siunitx_number_round_precision_int=\count275
\l__siunitx_number_lower_threshold_int=\count276
\l__siunitx_number_upper_threshold_int=\count277
\l__siunitx_number_group_first_int=\count278
\l__siunitx_number_group_size_int=\count279
\l__siunitx_number_group_minimum_int=\count280
\l__siunitx_angle_tmp_dim=\dimen145
\l__siunitx_angle_marker_box=\box54
\l__siunitx_angle_unit_box=\box55
\l__siunitx_compound_count_int=\count281

(/nix/store/mdy997acpxx06ynai8r779rvc1nqwfys-texlive-2024-env-texmfdist/tex/lat
ex/translations/translations.sty
Package: translations 2022/02/05 v1.12 internationalization of LaTeX2e packages
 (CN)

(/nix/store/mdy997acpxx06ynai8r779rvc1nqwfys-texlive-2024-env-texmfdist/tex/lat
ex/etoolbox/etoolbox.sty
Package: etoolbox 2020/10/05 v2.5k e-TeX tools for LaTeX (JAW)
\etb@tempcnta=\count282
)
(/nix/store/mdy997acpxx06ynai8r779rvc1nqwfys-texlive-2024-env-texmfdist/tex/gen
eric/pdftexcmds/pdftexcmds.sty
Package: pdftexcmds 2020-06-27 v0.33 Utility functions of pdfTeX for LuaTeX (HO
)

(/nix/store/mdy997acpxx06ynai8r779rvc1nqwfys-texlive-2024-env-texmfdist/tex/gen
eric/infwarerr/infwarerr.sty
Package: infwarerr 2019/12/03 v1.5 Providing info/warning/error messages (HO)
)
(/nix/store/mdy997acpxx06ynai8r779rvc1nqwfys-texlive-2024-env-texmfdist/tex/gen
eric/iftex/iftex.sty
Package: iftex 2022/02/03 v1.0f TeX engine tests
)
(/nix/store/mdy997acpxx06ynai8r779rvc1nqwfys-texlive-2024-env-texmfdist/tex/gen
eric/ltxcmds/ltxcmds.sty
Package: ltxcmds 2023-12-04 v1.26 LaTeX kernel commands for general use (HO)
)
Package pdftexcmds Info: \pdf@primitive is available.
Package pdftexcmds Info: \pdf@ifprimitive is available.
Package pdftexcmds Info: \pdfdraftmode found.
))
(/nix/store/mdy997acpxx06ynai8r779rvc1nqwfys-texlive-2024-env-texmfdist/tex/lat
ex/amsmath/amstext.sty
Package: amstext 2021/08/26 v2.01 AMS text

(/nix/store/mdy997acpxx06ynai8r779rvc1nqwfys-texlive-2024-env-texmfdist/tex/lat
ex/amsmath/amsgen.sty
File: amsgen.sty 1999/11/30 v2.0 generic functions
\@emptytoks=\toks20
\ex@=\dimen146
))
\l__siunitx_table_tmp_box=\box56
\l__siunitx_table_tmp_dim=\dimen147
\l__siunitx_table_column_width_dim=\dimen148
\l__siunitx_table_integer_box=\box57
\l__siunitx_table_decimal_box=\box58
\l__siunitx_table_uncert_box=\box59
\l__siunitx_table_before_box=\box60
\l__siunitx_table_after_box=\box61
\l__siunitx_table_before_dim=\dimen149
\l__siunitx_table_carry_dim=\dimen150
\l__siunitx_unit_tmp_int=\count283
\l__siunitx_unit_position_int=\count284
\l__siunitx_unit_total_int=\count285

(/nix/store/mdy997acpxx06ynai8r779rvc1nqwfys-texlive-2024-env-texmfdist/tex/lat
ex/tools/array.sty
Package: array 2024/06/14 v2.6d Tabular extension package (FMi)
\col@sep=\dimen151
\ar@mcellbox=\box62
\extrarowheight=\dimen152
\NC@list=\toks21
\extratabsurround=\skip51
\backup@length=\skip52
\ar@cellbox=\box63
))
(/nix/store/mdy997acpxx06ynai8r779rvc1nqwfys-texlive-2024-env-texmfdist/tex/lat
ex/pgfplots/pgfplots.sty
(/nix/store/mdy997acpxx06ynai8r779rvc1nqwfys-texlive-2024-env-texmfdist/tex/gen
eric/pgfplots/pgfplots.revision.tex)
Package: pgfplots 2021/05/15 v1.18.1 Data Visualization (1.18.1)

(/nix/store/mdy997acpxx06ynai8r779rvc1nqwfys-texlive-2024-env-texmfdist/tex/lat
ex/pgf/frontendlayer/tikz.sty
(/nix/store/mdy997acpxx06ynai8r779rvc1nqwfys-texlive-2024-env-texmfdist/tex/lat
ex/pgf/basiclayer/pgf.sty
(/nix/store/mdy997acpxx06ynai8r779rvc1nqwfys-texlive-2024-env-texmfdist/tex/lat
ex/pgf/utilities/pgfrcs.sty
(/nix/store/mdy997acpxx06ynai8r779rvc1nqwfys-texlive-2024-env-texmfdist/tex/gen
eric/pgf/utilities/pgfutil-common.tex
\pgfutil@everybye=\toks22
\pgfutil@tempdima=\dimen153
\pgfutil@tempdimb=\dimen154
)
(/nix/store/mdy997acpxx06ynai8r779rvc1nqwfys-texlive-2024-env-texmfdist/tex/gen
eric/pgf/utilities/pgfutil-latex.def
\pgfutil@abb=\box64
)
(/nix/store/mdy997acpxx06ynai8r779rvc1nqwfys-texlive-2024-env-texmfdist/tex/gen
eric/pgf/utilities/pgfrcs.code.tex
(/nix/store/mdy997acpxx06ynai8r779rvc1nqwfys-texlive-2024-env-texmfdist/tex/gen
eric/pgf/pgf.revision.tex)
Package: pgfrcs 2023-01-15 v3.1.10 (3.1.10)
))
Package: pgf 2023-01-15 v3.1.10 (3.1.10)

(/nix/store/mdy997acpxx06ynai8r779rvc1nqwfys-texlive-2024-env-texmfdist/tex/lat
ex/pgf/basiclayer/pgfcore.sty
(/nix/store/mdy997acpxx06ynai8r779rvc1nqwfys-texlive-2024-env-texmfdist/tex/lat
ex/pgf/systemlayer/pgfsys.sty
(/nix/store/mdy997acpxx06ynai8r779rvc1nqwfys-texlive-2024-env-texmfdist/tex/gen
eric/pgf/systemlayer/pgfsys.code.tex
Package: pgfsys 2023-01-15 v3.1.10 (3.1.10)

(/nix/store/mdy997acpxx06ynai8r779rvc1nqwfys-texlive-2024-env-texmfdist/tex/gen
eric/pgf/utilities/pgfkeys.code.tex
\pgfkeys@pathtoks=\toks23
\pgfkeys@temptoks=\toks24

(/nix/store/mdy997acpxx06ynai8r779rvc1nqwfys-texlive-2024-env-texmfdist/tex/gen
eric/pgf/utilities/pgfkeyslibraryfiltered.code.tex
\pgfkeys@tmptoks=\toks25
))
\pgf@x=\dimen155
\pgf@y=\dimen156
\pgf@xa=\dimen157
\pgf@ya=\dimen158
\pgf@xb=\dimen159
\pgf@yb=\dimen160
\pgf@xc=\dimen161
\pgf@yc=\dimen162
\pgf@xd=\dimen163
\pgf@yd=\dimen164
\w@pgf@writea=\write3
\r@pgf@reada=\read3
\c@pgf@counta=\count286
\c@pgf@countb=\count287
\c@pgf@countc=\count288
\c@pgf@countd=\count289
\t@pgf@toka=\toks26
\t@pgf@tokb=\toks27
\t@pgf@tokc=\toks28
\pgf@sys@id@count=\count290

(/nix/store/mdy997acpxx06ynai8r779rvc1nqwfys-texlive-2024-env-texmfdist/tex/gen
eric/pgf/systemlayer/pgf.cfg
File: pgf.cfg 2023-01-15 v3.1.10 (3.1.10)
)
Driver file for pgf: pgfsys-pdftex.def

(/nix/store/mdy997acpxx06ynai8r779rvc1nqwfys-texlive-2024-env-texmfdist/tex/gen
eric/pgf/systemlayer/pgfsys-pdftex.def
File: pgfsys-pdftex.def 2023-01-15 v3.1.10 (3.1.10)

(/nix/store/mdy997acpxx06ynai8r779rvc1nqwfys-texlive-2024-env-texmfdist/tex/gen
eric/pgf/systemlayer/pgfsys-common-pdf.def
File: pgfsys-common-pdf.def 2023-01-15 v3.1.10 (3.1.10)
)))
(/nix/store/mdy997acpxx06ynai8r779rvc1nqwfys-texlive-2024-env-texmfdist/tex/gen
eric/pgf/systemlayer/pgfsyssoftpath.code.tex
File: pgfsyssoftpath.code.tex 2023-01-15 v3.1.10 (3.1.10)
\pgfsyssoftpath@smallbuffer@items=\count291
\pgfsyssoftpath@bigbuffer@items=\count292
)
(/nix/store/mdy997acpxx06ynai8r779rvc1nqwfys-texlive-2024-env-texmfdist/tex/gen
eric/pgf/systemlayer/pgfsysprotocol.code.tex
File: pgfsysprotocol.code.tex 2023-01-15 v3.1.10 (3.1.10)
))
(/nix/store/mdy997acpxx06ynai8r779rvc1nqwfys-texlive-2024-env-texmfdist/tex/lat
ex/xcolor/xcolor.sty
Package: xcolor 2024/09/29 v3.02 LaTeX color extensions (UK)

(/nix/store/mdy997acpxx06ynai8r779rvc1nqwfys-texlive-2024-env-texmfdist/tex/lat
ex/graphics-cfg/color.cfg
File: color.cfg 2016/01/02 v1.6 sample color configuration
)
Package xcolor Info: Driver file: pdftex.def on input line 274.

(/nix/store/mdy997acpxx06ynai8r779rvc1nqwfys-texlive-2024-env-texmfdist/tex/lat
ex/graphics/mathcolor.ltx)
Package xcolor Info: Model `cmy' substituted by `cmy0' on input line 1349.
Package xcolor Info: Model `hsb' substituted by `rgb' on input line 1353.
Package xcolor Info: Model `RGB' extended on input line 1365.
Package xcolor Info: Model `HTML' substituted by `rgb' on input line 1367.
Package xcolor Info: Model `Hsb' substituted by `hsb' on input line 1368.
Package xcolor Info: Model `tHsb' substituted by `hsb' on input line 1369.
Package xcolor Info: Model `HSB' substituted by `hsb' on input line 1370.
Package xcolor Info: Model `Gray' substituted by `gray' on input line 1371.
Package xcolor Info: Model `wave' substituted by `hsb' on input line 1372.
)
(/nix/store/mdy997acpxx06ynai8r779rvc1nqwfys-texlive-2024-env-texmfdist/tex/gen
eric/pgf/basiclayer/pgfcore.code.tex
Package: pgfcore 2023-01-15 v3.1.10 (3.1.10)

(/nix/store/mdy997acpxx06ynai8r779rvc1nqwfys-texlive-2024-env-texmfdist/tex/gen
eric/pgf/math/pgfmath.code.tex
(/nix/store/mdy997acpxx06ynai8r779rvc1nqwfys-texlive-2024-env-texmfdist/tex/gen
eric/pgf/math/pgfmathutil.code.tex)
(/nix/store/mdy997acpxx06ynai8r779rvc1nqwfys-texlive-2024-env-texmfdist/tex/gen
eric/pgf/math/pgfmathparser.code.tex
\pgfmath@dimen=\dimen165
\pgfmath@count=\count293
\pgfmath@box=\box65
\pgfmath@toks=\toks29
\pgfmath@stack@operand=\toks30
\pgfmath@stack@operation=\toks31
)
(/nix/store/mdy997acpxx06ynai8r779rvc1nqwfys-texlive-2024-env-texmfdist/tex/gen
eric/pgf/math/pgfmathfunctions.code.tex)
(/nix/store/mdy997acpxx06ynai8r779rvc1nqwfys-texlive-2024-env-texmfdist/tex/gen
eric/pgf/math/pgfmathfunctions.basic.code.tex)
(/nix/store/mdy997acpxx06ynai8r779rvc1nqwfys-texlive-2024-env-texmfdist/tex/gen
eric/pgf/math/pgfmathfunctions.trigonometric.code.tex)
(/nix/store/mdy997acpxx06ynai8r779rvc1nqwfys-texlive-2024-env-texmfdist/tex/gen
eric/pgf/math/pgfmathfunctions.random.code.tex)
(/nix/store/mdy997acpxx06ynai8r779rvc1nqwfys-texlive-2024-env-texmfdist/tex/gen
eric/pgf/math/pgfmathfunctions.comparison.code.tex)
(/nix/store/mdy997acpxx06ynai8r779rvc1nqwfys-texlive-2024-env-texmfdist/tex/gen
eric/pgf/math/pgfmathfunctions.base.code.tex)
(/nix/store/mdy997acpxx06ynai8r779rvc1nqwfys-texlive-2024-env-texmfdist/tex/gen
eric/pgf/math/pgfmathfunctions.round.code.tex)
(/nix/store/mdy997acpxx06ynai8r779rvc1nqwfys-texlive-2024-env-texmfdist/tex/gen
eric/pgf/math/pgfmathfunctions.misc.code.tex)
(/nix/store/mdy997acpxx06ynai8r779rvc1nqwfys-texlive-2024-env-texmfdist/tex/gen
eric/pgf/math/pgfmathfunctions.integerarithmetics.code.tex)
(/nix/store/mdy997acpxx06ynai8r779rvc1nqwfys-texlive-2024-env-texmfdist/tex/gen
eric/pgf/math/pgfmathcalc.code.tex)
(/nix/store/mdy997acpxx06ynai8r779rvc1nqwfys-texlive-2024-env-texmfdist/tex/gen
eric/pgf/math/pgfmathfloat.code.tex
\c@pgfmathroundto@lastzeros=\count294
))
(/nix/store/mdy997acpxx06ynai8r779rvc1nqwfys-texlive-2024-env-texmfdist/tex/gen
eric/pgf/math/pgfint.code.tex)
(/nix/store/mdy997acpxx06ynai8r779rvc1nqwfys-texlive-2024-env-texmfdist/tex/gen
eric/pgf/basiclayer/pgfcorepoints.code.tex
File: pgfcorepoints.code.tex 2023-01-15 v3.1.10 (3.1.10)
\pgf@picminx=\dimen166
\pgf@picmaxx=\dimen167
\pgf@picminy=\dimen168
\pgf@picmaxy=\dimen169
\pgf@pathminx=\dimen170
\pgf@pathmaxx=\dimen171
\pgf@pathminy=\dimen172
\pgf@pathmaxy=\dimen173
\pgf@xx=\dimen174
\pgf@xy=\dimen175
\pgf@yx=\dimen176
\pgf@yy=\dimen177
\pgf@zx=\dimen178
\pgf@zy=\dimen179
)
(/nix/store/mdy997acpxx06ynai8r779rvc1nqwfys-texlive-2024-env-texmfdist/tex/gen
eric/pgf/basiclayer/pgfcorepathconstruct.code.tex
File: pgfcorepathconstruct.code.tex 2023-01-15 v3.1.10 (3.1.10)
\pgf@path@lastx=\dimen180
\pgf@path@lasty=\dimen181
)
(/nix/store/mdy997acpxx06ynai8r779rvc1nqwfys-texlive-2024-env-texmfdist/tex/gen
eric/pgf/basiclayer/pgfcorepathusage.code.tex
File: pgfcorepathusage.code.tex 2023-01-15 v3.1.10 (3.1.10)
\pgf@shorten@end@additional=\dimen182
\pgf@shorten@start@additional=\dimen183
)
(/nix/store/mdy997acpxx06ynai8r779rvc1nqwfys-texlive-2024-env-texmfdist/tex/gen
eric/pgf/basiclayer/pgfcorescopes.code.tex
File: pgfcorescopes.code.tex 2023-01-15 v3.1.10 (3.1.10)
\pgfpic=\box66
\pgf@hbox=\box67
\pgf@layerbox@main=\box68
\pgf@picture@serial@count=\count295
)
(/nix/store/mdy997acpxx06ynai8r779rvc1nqwfys-texlive-2024-env-texmfdist/tex/gen
eric/pgf/basiclayer/pgfcoregraphicstate.code.tex
File: pgfcoregraphicstate.code.tex 2023-01-15 v3.1.10 (3.1.10)
\pgflinewidth=\dimen184
)
(/nix/store/mdy997acpxx06ynai8r779rvc1nqwfys-texlive-2024-env-texmfdist/tex/gen
eric/pgf/basiclayer/pgfcoretransformations.code.tex
File: pgfcoretransformations.code.tex 2023-01-15 v3.1.10 (3.1.10)
\pgf@pt@x=\dimen185
\pgf@pt@y=\dimen186
\pgf@pt@temp=\dimen187
)
(/nix/store/mdy997acpxx06ynai8r779rvc1nqwfys-texlive-2024-env-texmfdist/tex/gen
eric/pgf/basiclayer/pgfcorequick.code.tex
File: pgfcorequick.code.tex 2023-01-15 v3.1.10 (3.1.10)
)
(/nix/store/mdy997acpxx06ynai8r779rvc1nqwfys-texlive-2024-env-texmfdist/tex/gen
eric/pgf/basiclayer/pgfcoreobjects.code.tex
File: pgfcoreobjects.code.tex 2023-01-15 v3.1.10 (3.1.10)
)
(/nix/store/mdy997acpxx06ynai8r779rvc1nqwfys-texlive-2024-env-texmfdist/tex/gen
eric/pgf/basiclayer/pgfcorepathprocessing.code.tex
File: pgfcorepathprocessing.code.tex 2023-01-15 v3.1.10 (3.1.10)
)
(/nix/store/mdy997acpxx06ynai8r779rvc1nqwfys-texlive-2024-env-texmfdist/tex/gen
eric/pgf/basiclayer/pgfcorearrows.code.tex
File: pgfcorearrows.code.tex 2023-01-15 v3.1.10 (3.1.10)
\pgfarrowsep=\dimen188
)
(/nix/store/mdy997acpxx06ynai8r779rvc1nqwfys-texlive-2024-env-texmfdist/tex/gen
eric/pgf/basiclayer/pgfcoreshade.code.tex
File: pgfcoreshade.code.tex 2023-01-15 v3.1.10 (3.1.10)
\pgf@max=\dimen189
\pgf@sys@shading@range@num=\count296
\pgf@shadingcount=\count297
)
(/nix/store/mdy997acpxx06ynai8r779rvc1nqwfys-texlive-2024-env-texmfdist/tex/gen
eric/pgf/basiclayer/pgfcoreimage.code.tex
File: pgfcoreimage.code.tex 2023-01-15 v3.1.10 (3.1.10)
)
(/nix/store/mdy997acpxx06ynai8r779rvc1nqwfys-texlive-2024-env-texmfdist/tex/gen
eric/pgf/basiclayer/pgfcoreexternal.code.tex
File: pgfcoreexternal.code.tex 2023-01-15 v3.1.10 (3.1.10)
\pgfexternal@startupbox=\box69
)
(/nix/store/mdy997acpxx06ynai8r779rvc1nqwfys-texlive-2024-env-texmfdist/tex/gen
eric/pgf/basiclayer/pgfcorelayers.code.tex
File: pgfcorelayers.code.tex 2023-01-15 v3.1.10 (3.1.10)
)
(/nix/store/mdy997acpxx06ynai8r779rvc1nqwfys-texlive-2024-env-texmfdist/tex/gen
eric/pgf/basiclayer/pgfcoretransparency.code.tex
File: pgfcoretransparency.code.tex 2023-01-15 v3.1.10 (3.1.10)
)
(/nix/store/mdy997acpxx06ynai8r779rvc1nqwfys-texlive-2024-env-texmfdist/tex/gen
eric/pgf/basiclayer/pgfcorepatterns.code.tex
File: pgfcorepatterns.code.tex 2023-01-15 v3.1.10 (3.1.10)
)
(/nix/store/mdy997acpxx06ynai8r779rvc1nqwfys-texlive-2024-env-texmfdist/tex/gen
eric/pgf/basiclayer/pgfcorerdf.code.tex
File: pgfcorerdf.code.tex 2023-01-15 v3.1.10 (3.1.10)
)))
(/nix/store/mdy997acpxx06ynai8r779rvc1nqwfys-texlive-2024-env-texmfdist/tex/gen
eric/pgf/modules/pgfmoduleshapes.code.tex
File: pgfmoduleshapes.code.tex 2023-01-15 v3.1.10 (3.1.10)
\pgfnodeparttextbox=\box70
)
(/nix/store/mdy997acpxx06ynai8r779rvc1nqwfys-texlive-2024-env-texmfdist/tex/gen
eric/pgf/modules/pgfmoduleplot.code.tex
File: pgfmoduleplot.code.tex 2023-01-15 v3.1.10 (3.1.10)
)
(/nix/store/mdy997acpxx06ynai8r779rvc1nqwfys-texlive-2024-env-texmfdist/tex/lat
ex/pgf/compatibility/pgfcomp-version-0-65.sty
Package: pgfcomp-version-0-65 2023-01-15 v3.1.10 (3.1.10)
\pgf@nodesepstart=\dimen190
\pgf@nodesepend=\dimen191
)
(/nix/store/mdy997acpxx06ynai8r779rvc1nqwfys-texlive-2024-env-texmfdist/tex/lat
ex/pgf/compatibility/pgfcomp-version-1-18.sty
Package: pgfcomp-version-1-18 2023-01-15 v3.1.10 (3.1.10)
))
(/nix/store/mdy997acpxx06ynai8r779rvc1nqwfys-texlive-2024-env-texmfdist/tex/lat
ex/pgf/utilities/pgffor.sty
(/nix/store/mdy997acpxx06ynai8r779rvc1nqwfys-texlive-2024-env-texmfdist/tex/lat
ex/pgf/utilities/pgfkeys.sty
(/nix/store/mdy997acpxx06ynai8r779rvc1nqwfys-texlive-2024-env-texmfdist/tex/gen
eric/pgf/utilities/pgfkeys.code.tex))
(/nix/store/mdy997acpxx06ynai8r779rvc1nqwfys-texlive-2024-env-texmfdist/tex/lat
ex/pgf/math/pgfmath.sty
(/nix/store/mdy997acpxx06ynai8r779rvc1nqwfys-texlive-2024-env-texmfdist/tex/gen
eric/pgf/math/pgfmath.code.tex))
(/nix/store/mdy997acpxx06ynai8r779rvc1nqwfys-texlive-2024-env-texmfdist/tex/gen
eric/pgf/utilities/pgffor.code.tex
Package: pgffor 2023-01-15 v3.1.10 (3.1.10)
\pgffor@iter=\dimen192
\pgffor@skip=\dimen193
\pgffor@stack=\toks32
\pgffor@toks=\toks33
))
(/nix/store/mdy997acpxx06ynai8r779rvc1nqwfys-texlive-2024-env-texmfdist/tex/gen
eric/pgf/frontendlayer/tikz/tikz.code.tex
Package: tikz 2023-01-15 v3.1.10 (3.1.10)

(/nix/store/mdy997acpxx06ynai8r779rvc1nqwfys-texlive-2024-env-texmfdist/tex/gen
eric/pgf/libraries/pgflibraryplothandlers.code.tex
File: pgflibraryplothandlers.code.tex 2023-01-15 v3.1.10 (3.1.10)
\pgf@plot@mark@count=\count298
\pgfplotmarksize=\dimen194
)
\tikz@lastx=\dimen195
\tikz@lasty=\dimen196
\tikz@lastxsaved=\dimen197
\tikz@lastysaved=\dimen198
\tikz@lastmovetox=\dimen199
\tikz@lastmovetoy=\dimen256
\tikzleveldistance=\dimen257
\tikzsiblingdistance=\dimen258
\tikz@figbox=\box71
\tikz@figbox@bg=\box72
\tikz@tempbox=\box73
\tikz@tempbox@bg=\box74
\tikztreelevel=\count299
\tikznumberofchildren=\count300
\tikznumberofcurrentchild=\count301
\tikz@fig@count=\count302

(/nix/store/mdy997acpxx06ynai8r779rvc1nqwfys-texlive-2024-env-texmfdist/tex/gen
eric/pgf/modules/pgfmodulematrix.code.tex
File: pgfmodulematrix.code.tex 2023-01-15 v3.1.10 (3.1.10)
\pgfmatrixcurrentrow=\count303
\pgfmatrixcurrentcolumn=\count304
\pgf@matrix@numberofcolumns=\count305
)
\tikz@expandcount=\count306

(/nix/store/mdy997acpxx06ynai8r779rvc1nqwfys-texlive-2024-env-texmfdist/tex/gen
eric/pgf/frontendlayer/tikz/libraries/tikzlibrarytopaths.code.tex
File: tikzlibrarytopaths.code.tex 2023-01-15 v3.1.10 (3.1.10)
)))
(/nix/store/mdy997acpxx06ynai8r779rvc1nqwfys-texlive-2024-env-texmfdist/tex/gen
eric/pgfplots/pgfplots.code.tex
(/nix/store/mdy997acpxx06ynai8r779rvc1nqwfys-texlive-2024-env-texmfdist/tex/gen
eric/pgfplots/pgfplotscore.code.tex
\t@pgfplots@toka=\toks34
\t@pgfplots@tokb=\toks35
\t@pgfplots@tokc=\toks36
\pgfplots@tmpa=\dimen259
\c@pgfplots@coordindex=\count307
\c@pgfplots@scanlineindex=\count308

(/nix/store/mdy997acpxx06ynai8r779rvc1nqwfys-texlive-2024-env-texmfdist/tex/gen
eric/pgfplots/sys/pgfplotssysgeneric.code.tex))
(/nix/store/mdy997acpxx06ynai8r779rvc1nqwfys-texlive-2024-env-texmfdist/tex/gen
eric/pgfplots/libs/pgfplotslibrary.code.tex)
(/nix/store/mdy997acpxx06ynai8r779rvc1nqwfys-texlive-2024-env-texmfdist/tex/gen
eric/pgfplots/oldpgfcompatib/pgfplotsoldpgfsupp_loader.code.tex
(/nix/store/mdy997acpxx06ynai8r779rvc1nqwfys-texlive-2024-env-texmfdist/tex/gen
eric/pgf/libraries/pgflibraryfpu.code.tex)
Package pgfplots: loading complementary utilities for your pgf version...
\t@pgf@toka=\toks37
\t@pgf@tokb=\toks38
\t@pgf@tokc=\toks39

(/nix/store/mdy997acpxx06ynai8r779rvc1nqwfys-texlive-2024-env-texmfdist/tex/gen
eric/pgfplots/oldpgfcompatib/pgfplotsoldpgfsupp_pgfutil-common-lists.tex))
(/nix/store/mdy997acpxx06ynai8r779rvc1nqwfys-texlive-2024-env-texmfdist/tex/gen
eric/pgfplots/util/pgfplotsutil.code.tex
(/nix/store/mdy997acpxx06ynai8r779rvc1nqwfys-texlive-2024-env-texmfdist/tex/gen
eric/pgfplots/liststructure/pgfplotsliststructure.code.tex)
(/nix/store/mdy997acpxx06ynai8r779rvc1nqwfys-texlive-2024-env-texmfdist/tex/gen
eric/pgfplots/liststructure/pgfplotsliststructureext.code.tex)
(/nix/store/mdy997acpxx06ynai8r779rvc1nqwfys-texlive-2024-env-texmfdist/tex/gen
eric/pgfplots/liststructure/pgfplotsarray.code.tex
\c@pgfplotsarray@tmp=\count309
)
(/nix/store/mdy997acpxx06ynai8r779rvc1nqwfys-texlive-2024-env-texmfdist/tex/gen
eric/pgfplots/liststructure/pgfplotsmatrix.code.tex)
(/nix/store/mdy997acpxx06ynai8r779rvc1nqwfys-texlive-2024-env-texmfdist/tex/gen
eric/pgfplots/numtable/pgfplotstableshared.code.tex
\c@pgfplotstable@counta=\count310
\t@pgfplotstable@a=\toks40
)
(/nix/store/mdy997acpxx06ynai8r779rvc1nqwfys-texlive-2024-env-texmfdist/tex/gen
eric/pgfplots/liststructure/pgfplotsdeque.code.tex)
(/nix/store/mdy997acpxx06ynai8r779rvc1nqwfys-texlive-2024-env-texmfdist/tex/gen
eric/pgfplots/util/pgfplotsbinary.code.tex
(/nix/store/mdy997acpxx06ynai8r779rvc1nqwfys-texlive-2024-env-texmfdist/tex/gen
eric/pgfplots/util/pgfplotsbinary.data.code.tex))
(/nix/store/mdy997acpxx06ynai8r779rvc1nqwfys-texlive-2024-env-texmfdist/tex/gen
eric/pgfplots/util/pgfplotsutil.verb.code.tex)
(/nix/store/mdy997acpxx06ynai8r779rvc1nqwfys-texlive-2024-env-texmfdist/tex/gen
eric/pgfplots/libs/pgflibrarypgfplots.surfshading.code.tex
\c@pgfplotslibrarysurf@no=\count311

(/nix/store/mdy997acpxx06ynai8r779rvc1nqwfys-texlive-2024-env-texmfdist/tex/gen
eric/pgfplots/sys/pgflibrarypgfplots.surfshading.pgfsys-pdftex.def)))
(/nix/store/mdy997acpxx06ynai8r779rvc1nqwfys-texlive-2024-env-texmfdist/tex/gen
eric/pgfplots/util/pgfplotscolormap.code.tex
(/nix/store/mdy997acpxx06ynai8r779rvc1nqwfys-texlive-2024-env-texmfdist/tex/gen
eric/pgfplots/util/pgfplotscolor.code.tex))
(/nix/store/mdy997acpxx06ynai8r779rvc1nqwfys-texlive-2024-env-texmfdist/tex/gen
eric/pgfplots/pgfplotsstackedplots.code.tex)
(/nix/store/mdy997acpxx06ynai8r779rvc1nqwfys-texlive-2024-env-texmfdist/tex/gen
eric/pgfplots/pgfplotsplothandlers.code.tex
(/nix/store/mdy997acpxx06ynai8r779rvc1nqwfys-texlive-2024-env-texmfdist/tex/gen
eric/pgfplots/pgfplotsmeshplothandler.code.tex
(/nix/store/mdy997acpxx06ynai8r779rvc1nqwfys-texlive-2024-env-texmfdist/tex/gen
eric/pgfplots/pgfplotsmeshplotimage.code.tex)))
(/nix/store/mdy997acpxx06ynai8r779rvc1nqwfys-texlive-2024-env-texmfdist/tex/gen
eric/pgfplots/pgfplots.scaling.code.tex)
(/nix/store/mdy997acpxx06ynai8r779rvc1nqwfys-texlive-2024-env-texmfdist/tex/gen
eric/pgfplots/pgfplotscoordprocessing.code.tex)
(/nix/store/mdy997acpxx06ynai8r779rvc1nqwfys-texlive-2024-env-texmfdist/tex/gen
eric/pgfplots/pgfplots.errorbars.code.tex)
(/nix/store/mdy997acpxx06ynai8r779rvc1nqwfys-texlive-2024-env-texmfdist/tex/gen
eric/pgfplots/pgfplots.markers.code.tex)
(/nix/store/mdy997acpxx06ynai8r779rvc1nqwfys-texlive-2024-env-texmfdist/tex/gen
eric/pgfplots/pgfplotsticks.code.tex)
(/nix/store/mdy997acpxx06ynai8r779rvc1nqwfys-texlive-2024-env-texmfdist/tex/gen
eric/pgfplots/pgfplots.paths.code.tex)
(/nix/store/mdy997acpxx06ynai8r779rvc1nqwfys-texlive-2024-env-texmfdist/tex/gen
eric/pgf/frontendlayer/tikz/libraries/tikzlibrarydecorations.code.tex
(/nix/store/mdy997acpxx06ynai8r779rvc1nqwfys-texlive-2024-env-texmfdist/tex/gen
eric/pgf/modules/pgfmoduledecorations.code.tex
\pgfdecoratedcompleteddistance=\dimen260
\pgfdecoratedremainingdistance=\dimen261
\pgfdecoratedinputsegmentcompleteddistance=\dimen262
\pgfdecoratedinputsegmentremainingdistance=\dimen263
\pgf@decorate@distancetomove=\dimen264
\pgf@decorate@repeatstate=\count312
\pgfdecorationsegmentamplitude=\dimen265
\pgfdecorationsegmentlength=\dimen266
)
\tikz@lib@dec@box=\box75
)
(/nix/store/mdy997acpxx06ynai8r779rvc1nqwfys-texlive-2024-env-texmfdist/tex/gen
eric/pgf/frontendlayer/tikz/libraries/tikzlibrarydecorations.pathmorphing.code.
tex
(/nix/store/mdy997acpxx06ynai8r779rvc1nqwfys-texlive-2024-env-texmfdist/tex/gen
eric/pgf/libraries/decorations/pgflibrarydecorations.pathmorphing.code.tex))
(/nix/store/mdy997acpxx06ynai8r779rvc1nqwfys-texlive-2024-env-texmfdist/tex/gen
eric/pgf/frontendlayer/tikz/libraries/tikzlibrarydecorations.pathreplacing.code
.tex
(/nix/store/mdy997acpxx06ynai8r779rvc1nqwfys-texlive-2024-env-texmfdist/tex/gen
eric/pgf/libraries/decorations/pgflibrarydecorations.pathreplacing.code.tex))
(/nix/store/mdy997acpxx06ynai8r779rvc1nqwfys-texlive-2024-env-texmfdist/tex/gen
eric/pgfplots/libs/tikzlibrarypgfplots.contourlua.code.tex)
\pgfplots@numplots=\count313
\pgfplots@xmin@reg=\dimen267
\pgfplots@xmax@reg=\dimen268
\pgfplots@ymin@reg=\dimen269
\pgfplots@ymax@reg=\dimen270
\pgfplots@zmin@reg=\dimen271
\pgfplots@zmax@reg=\dimen272
)
(/nix/store/mdy997acpxx06ynai8r779rvc1nqwfys-texlive-2024-env-texmfdist/tex/gen
eric/pgf/frontendlayer/tikz/libraries/tikzlibraryplotmarks.code.tex
File: tikzlibraryplotmarks.code.tex 2023-01-15 v3.1.10 (3.1.10)

(/nix/store/mdy997acpxx06ynai8r779rvc1nqwfys-texlive-2024-env-texmfdist/tex/gen
eric/pgf/libraries/pgflibraryplotmarks.code.tex
File: pgflibraryplotmarks.code.tex 2023-01-15 v3.1.10 (3.1.10)
)))
(/nix/store/mdy997acpxx06ynai8r779rvc1nqwfys-texlive-2024-env-texmfdist/tex/lat
ex/pgfplots/pgfplotstable.sty
(/nix/store/mdy997acpxx06ynai8r779rvc1nqwfys-texlive-2024-env-texmfdist/tex/gen
eric/pgfplots/pgfplots.revision.tex)
Package: pgfplotstable 2021/05/15 v1.18.1 Table typesetting and Pretty-printing
 (1.18.1)

(/nix/store/mdy997acpxx06ynai8r779rvc1nqwfys-texlive-2024-env-texmfdist/tex/gen
eric/pgfplots/numtable/pgfplotstable.code.tex
(/nix/store/mdy997acpxx06ynai8r779rvc1nqwfys-texlive-2024-env-texmfdist/tex/gen
eric/pgfplots/numtable/pgfplotstable.coltype.code.tex)))
(/nix/store/mdy997acpxx06ynai8r779rvc1nqwfys-texlive-2024-env-texmfdist/tex/lat
ex/geometry/geometry.sty
Package: geometry 2020/01/02 v5.9 Page Geometry

(/nix/store/mdy997acpxx06ynai8r779rvc1nqwfys-texlive-2024-env-texmfdist/tex/gen
eric/iftex/ifvtex.sty
Package: ifvtex 2019/10/25 v1.7 ifvtex legacy package. Use iftex instead.
)
\Gm@cnth=\count314
\Gm@cntv=\count315
\c@Gm@tempcnt=\count316
\Gm@bindingoffset=\dimen273
\Gm@wd@mp=\dimen274
\Gm@odd@mp=\dimen275
\Gm@even@mp=\dimen276
\Gm@layoutwidth=\dimen277
\Gm@layoutheight=\dimen278
\Gm@layouthoffset=\dimen279
\Gm@layoutvoffset=\dimen280
\Gm@dimlist=\toks41
)
(/nix/store/mdy997acpxx06ynai8r779rvc1nqwfys-texlive-2024-env-texmfdist/tex/lat
ex/amsmath/amsmath.sty
Package: amsmath 2024/05/23 v2.17q AMS math features
\@mathmargin=\skip53

For additional information on amsmath, use the `?' option.

(/nix/store/mdy997acpxx06ynai8r779rvc1nqwfys-texlive-2024-env-texmfdist/tex/lat
ex/amsmath/amsbsy.sty
Package: amsbsy 1999/11/29 v1.2d Bold Symbols
\pmbraise@=\dimen281
)
(/nix/store/mdy997acpxx06ynai8r779rvc1nqwfys-texlive-2024-env-texmfdist/tex/lat
ex/amsmath/amsopn.sty
Package: amsopn 2022/04/08 v2.04 operator names
)
\inf@bad=\count317
LaTeX Info: Redefining \frac on input line 233.
\uproot@=\count318
\leftroot@=\count319
LaTeX Info: Redefining \overline on input line 398.
LaTeX Info: Redefining \colon on input line 409.
\classnum@=\count320
\DOTSCASE@=\count321
LaTeX Info: Redefining \ldots on input line 495.
LaTeX Info: Redefining \dots on input line 498.
LaTeX Info: Redefining \cdots on input line 619.
\Mathstrutbox@=\box76
\strutbox@=\box77
LaTeX Info: Redefining \big on input line 721.
LaTeX Info: Redefining \Big on input line 722.
LaTeX Info: Redefining \bigg on input line 723.
LaTeX Info: Redefining \Bigg on input line 724.
\big@size=\dimen282
LaTeX Font Info:    Redeclaring font encoding OML on input line 742.
LaTeX Font Info:    Redeclaring font encoding OMS on input line 743.
\macc@depth=\count322
LaTeX Info: Redefining \bmod on input line 904.
LaTeX Info: Redefining \pmod on input line 909.
LaTeX Info: Redefining \smash on input line 939.
LaTeX Info: Redefining \relbar on input line 969.
LaTeX Info: Redefining \Relbar on input line 970.
\c@MaxMatrixCols=\count323
\dotsspace@=\muskip17
\c@parentequation=\count324
\dspbrk@lvl=\count325
\tag@help=\toks42
\row@=\count326
\column@=\count327
\maxfields@=\count328
\andhelp@=\toks43
\eqnshift@=\dimen283
\alignsep@=\dimen284
\tagshift@=\dimen285
\tagwidth@=\dimen286
\totwidth@=\dimen287
\lineht@=\dimen288
\@envbody=\toks44
\multlinegap=\skip54
\multlinetaggap=\skip55
\mathdisplay@stack=\toks45
LaTeX Info: Redefining \[ on input line 2953.
LaTeX Info: Redefining \] on input line 2954.
)
(/nix/store/mdy997acpxx06ynai8r779rvc1nqwfys-texlive-2024-env-texmfdist/tex/lat
ex/l3backend/l3backend-pdftex.def
File: l3backend-pdftex.def 2024-05-08 L3 backend support: PDF output (pdfTeX)
\l__color_backend_stack_int=\count329
\l__pdf_internal_box=\box78
) (./main.aux)
\openout1 = `main.aux'.

LaTeX Font Info:    Checking defaults for OML/cmm/m/it on input line 17.
LaTeX Font Info:    ... okay on input line 17.
LaTeX Font Info:    Checking defaults for OMS/cmsy/m/n on input line 17.
LaTeX Font Info:    ... okay on input line 17.
LaTeX Font Info:    Checking defaults for OT1/cmr/m/n on input line 17.
LaTeX Font Info:    ... okay on input line 17.
LaTeX Font Info:    Checking defaults for T1/cmr/m/n on input line 17.
LaTeX Font Info:    ... okay on input line 17.
LaTeX Font Info:    Checking defaults for TS1/cmr/m/n on input line 17.
LaTeX Font Info:    ... okay on input line 17.
LaTeX Font Info:    Checking defaults for OMX/cmex/m/n on input line 17.
LaTeX Font Info:    ... okay on input line 17.
LaTeX Font Info:    Checking defaults for U/cmr/m/n on input line 17.
LaTeX Font Info:    ... okay on input line 17.

(/nix/store/mdy997acpxx06ynai8r779rvc1nqwfys-texlive-2024-env-texmfdist/tex/con
text/base/mkii/supp-pdf.mkii
[Loading MPS to PDF converter (version 2006.09.02).]
\scratchcounter=\count330
\scratchdimen=\dimen289
\scratchbox=\box79
\nofMPsegments=\count331
\nofMParguments=\count332
\everyMPshowfont=\toks46
\MPscratchCnt=\count333
\MPscratchDim=\dimen290
\MPnumerator=\count334
\makeMPintoPDFobject=\count335
\everyMPtoPDFconversion=\toks47
)
(/nix/store/mdy997acpxx06ynai8r779rvc1nqwfys-texlive-2024-env-texmfdist/tex/lat
ex/epstopdf-pkg/epstopdf-base.sty
Package: epstopdf-base 2020-01-24 v2.11 Base part for package epstopdf

(/nix/store/mdy997acpxx06ynai8r779rvc1nqwfys-texlive-2024-env-texmfdist/tex/lat
ex/grfext/grfext.sty
Package: grfext 2019/12/03 v1.3 Manage graphics extensions (HO)

(/nix/store/mdy997acpxx06ynai8r779rvc1nqwfys-texlive-2024-env-texmfdist/tex/gen
eric/kvdefinekeys/kvdefinekeys.sty
Package: kvdefinekeys 2019-12-19 v1.6 Define keys (HO)
))
(/nix/store/mdy997acpxx06ynai8r779rvc1nqwfys-texlive-2024-env-texmfdist/tex/lat
ex/kvoptions/kvoptions.sty
Package: kvoptions 2022-06-15 v3.15 Key value format for package options (HO)

(/nix/store/mdy997acpxx06ynai8r779rvc1nqwfys-texlive-2024-env-texmfdist/tex/lat
ex/kvsetkeys/kvsetkeys.sty
Package: kvsetkeys 2022-10-05 v1.19 Key value parser (HO)
))
Package epstopdf-base Info: Redefining graphics rule for `.eps' on input line 4
85.
Package grfext Info: Graphics extension search list:
(grfext)             [.pdf,.png,.jpg,.mps,.jpeg,.jbig2,.jb2,.PDF,.PNG,.JPG,.JPE
G,.JBIG2,.JB2,.eps]
(grfext)             \AppendGraphicsExtensions on input line 504.

(/nix/store/mdy997acpxx06ynai8r779rvc1nqwfys-texlive-2024-env-texmfdist/tex/lat
ex/latexconfig/epstopdf-sys.cfg
File: epstopdf-sys.cfg 2010/07/13 v1.3 Configuration of (r)epstopdf for TeX Liv
e
))
Package pgfplots notification 'compat/show suggested version=true': document ha
s been generated with the most recent feature set (\pgfplotsset{compat=1.18}).

*geometry* driver: auto-detecting
*geometry* detected driver: pdftex
*geometry* verbose mode - [ preamble ] result:
* driver: pdftex
* paper: <default>
* layout: <same size as paper>
* layoutoffset:(h,v)=(0.0pt,0.0pt)
* modes: 
* h-part:(L,W,R)=(72.26999pt, 469.75502pt, 72.26999pt)
* v-part:(T,H,B)=(72.26999pt, 650.43001pt, 72.26999pt)
* \paperwidth=614.295pt
* \paperheight=794.96999pt
* \textwidth=469.75502pt
* \textheight=650.43001pt
* \oddsidemargin=0.0pt
* \evensidemargin=0.0pt
* \topmargin=-37.0pt
* \headheight=12.0pt
* \headsep=25.0pt
* \topskip=10.0pt
* \footskip=30.0pt
* \marginparwidth=65.0pt
* \marginparsep=11.0pt
* \columnsep=10.0pt
* \skip\footins=9.0pt plus 4.0pt minus 2.0pt
* \hoffset=0.0pt
* \voffset=0.0pt
* \mag=1000
* \@twocolumnfalse
* \@twosidefalse
* \@mparswitchfalse
* \@reversemarginfalse
* (1in=72.27pt=25.4mm, 1cm=28.453pt)


Overfull \hbox (8.23161pt too wide) in paragraph at lines 20--24
 [] 
 []



[1

{/nix/store/3q6iqblnys9nlccvxmis7p20mjwg1dja-texlive-2024-env/share/texmf-var/f
onts/map/pdftex/updmap/pdftex.map}]
Underfull \hbox (badness 10000) in paragraph at lines 132--133

 []


LaTeX Warning: Command \texttwosuperior invalid in math mode on input line 152.



LaTeX Warning: Command \texttwosuperior invalid in math mode on input line 152.



LaTeX Warning: Command \texttwosuperior invalid in math mode on input line 152.



LaTeX Warning: Command \texttwosuperior invalid in math mode on input line 152.


Missing character: There is no  in font cmr10!
Missing character: There is no  in font cmr10!


[2]

LaTeX Warning: Command \texttwosuperior invalid in math mode on input line 164.



LaTeX Warning: Command \texttwosuperior invalid in math mode on input line 164.


Missing character: There is no  in font cmr10!

LaTeX Warning: Command \texttwosuperior invalid in math mode on input line 168.



LaTeX Warning: Command \texttwosuperior invalid in math mode on input line 168.


Missing character: There is no  in font cmr10!

LaTeX Warning: Command \texttwosuperior invalid in math mode on input line 168.



LaTeX Warning: Command \texttwosuperior invalid in math mode on input line 168.


Missing character: There is no  in font cmr10!

LaTeX Warning: Command \texttwosuperior invalid in math mode on input line 170.



LaTeX Warning: Command \texttwosuperior invalid in math mode on input line 170.


Missing character: There is no  in font cmr10!


[3] (./main.aux)
 ***********
LaTeX2e <2024-06-01> patch level 2
L3 programming layer <2024-10-09>
 ***********
 ) 
Here is how much of TeX's memory you used:
 28957 strings out of 473579
 774578 string characters out of 5705100
 1237678 words of memory out of 5000000
 51454 multiletter control sequences out of 15000+600000
 559771 words of font info for 42 fonts, out of 8000000 for 9000
 1141 hyphenation exceptions out of 8191
 99i,11n,107p,726b,609s stack positions out of 10000i,1000n,20000p,200000b,200000s
</nix/store/mdy997acpxx06ynai8r779rvc1nqwfys-texlive-2024-env-texmfdist/fonts
/type1/public/amsfonts/cm/cmbx10.pfb></nix/store/mdy997acpxx06ynai8r779rvc1nqwf
ys-texlive-2024-env-texmfdist/fonts/type1/public/amsfonts/cm/cmbx12.pfb></nix/s
tore/mdy997acpxx06ynai8r779rvc1nqwfys-texlive-2024-env-texmfdist/fonts/type1/pu
blic/amsfonts/cm/cmex10.pfb></nix/store/mdy997acpxx06ynai8r779rvc1nqwfys-texliv
e-2024-env-texmfdist/fonts/type1/public/amsfonts/cm/cmmi10.pfb></nix/store/mdy9
97acpxx06ynai8r779rvc1nqwfys-texlive-2024-env-texmfdist/fonts/type1/public/amsf
onts/cm/cmmi7.pfb></nix/store/mdy997acpxx06ynai8r779rvc1nqwfys-texlive-2024-env
-texmfdist/fonts/type1/public/amsfonts/cm/cmr10.pfb></nix/store/mdy997acpxx06yn
ai8r779rvc1nqwfys-texlive-2024-env-texmfdist/fonts/type1/public/amsfonts/cm/cmr
5.pfb></nix/store/mdy997acpxx06ynai8r779rvc1nqwfys-texlive-2024-env-texmfdist/f
onts/type1/public/amsfonts/cm/cmr7.pfb></nix/store/mdy997acpxx06ynai8r779rvc1nq
wfys-texlive-2024-env-texmfdist/fonts/type1/public/amsfonts/cm/cmsy10.pfb></nix
/store/mdy997acpxx06ynai8r779rvc1nqwfys-texlive-2024-env-texmfdist/fonts/type1/
public/amsfonts/cm/cmsy7.pfb>
Output written on main.pdf (3 pages, 125499 bytes).
PDF statistics:
 67 PDF objects out of 1000 (max. 8388607)
 41 compressed objects within 1 object stream
 0 named destinations out of 1000 (max. 500000)
 13 words of extra memory for PDF output out of 10000 (max. 10000000)

